========================================================================
  ENDPOINT HEALTH CHECK
  Timestamp:  2026-04-15T10:40:50Z
  Endpoints:  54
========================================================================

  Endpoint                                 Status       Time       Size
  ──────────────────────────────────────── ──────── ──────── ──────────
  ✓ weather.gov                             200          68ms   125,008B
  ✓ weather.gov API                         200          51ms     9,056B
  ✓ airnow.gov                              200          13ms   100,917B
  ✓ usgs.gov earthquake feed                200          15ms       959B
  ✓ epa.gov                                 200          21ms    65,139B
  ✓ data.gov                                200         382ms   121,569B
  ✓ census.gov                              200          63ms   356,579B
  ! bls.gov                                 403         108ms          —
    └─ Forbidden
  ✗ fred.stlouisfed.org                     FAIL      20038ms          —
    └─ The read operation timed out
  ✓ usaspending.gov                         200         297ms     2,983B
  ✓ usa.gov                                 200          14ms    47,197B
  ✓ gsa.gov                                 200          17ms   200,566B
  ✓ whitehouse.gov                          200          13ms   263,851B
  ! congress.gov                            403          19ms          —
    └─ Forbidden
  ✓ federalregister.gov                     200          51ms    10,596B
  ✓ govinfo.gov                             200          37ms    63,540B
  ! regulations.gov                         403          14ms          —
    └─ Forbidden
  ✓ grants.gov                              200          12ms    62,137B
  ✓ nih.gov                                 200          24ms    59,567B
  ✓ cdc.gov                                 200          27ms    59,635B
  ✓ nasa.gov                                200          16ms   336,139B
  ✓ nsf.gov                                 200          15ms    81,119B
  ✓ energy.gov                              200          15ms   116,261B
  ✓ usps.com tracking                       200         114ms   117,681B
  ✓ irs.gov                                 200         143ms   102,549B
  ! ssa.gov                                 403         133ms          —
    └─ Forbidden
  ✓ sba.gov                                 200          14ms   124,759B
  ✓ search.usa.gov (usa.gov)                200          62ms    34,631B
  ✓ search.usa.gov (weather)                200         384ms   119,161B
  ✓ search.usa.gov (education)              200          67ms    34,631B
  ✓ search.usa.gov (health)                 200          52ms    34,631B
  ✓ search.usa.gov (veterans)               200         375ms   123,430B
  ✓ search.usa.gov (irs)                    200          42ms    34,631B
  ✓ search.usa.gov (nasa)                   200          46ms    34,631B
  ✓ search.usa.gov (cia)                    200         478ms   107,673B
  ✓ search.usa.gov (nsa)                    200          50ms    34,631B
  ✓ search.usa.gov (fbi)                    200          39ms    34,631B
  ✓ search.usa.gov (dhs)                    200          38ms    34,631B
  ✓ search.usa.gov (defense)                200          35ms    34,631B
  ✓ search.usa.gov (state)                  200          39ms    34,631B
  ✓ search.usa.gov (justice)                200         150ms    34,631B
  ✓ search.usa.gov (labor)                  200          37ms    34,631B
  ✓ search.usa.gov (commerce)               200          38ms    34,631B
  ✓ search.usa.gov (treasury)               200         330ms   122,790B
  ✓ search.usa.gov (interior)               200         183ms   122,318B
  ✓ search.usa.gov (agriculture)            200         176ms   122,841B
  ! cia.gov readingroom                     302         200ms          —
    └─ The HTTP server returned a redirect error that would lead to
  ✓ cia.gov                                 200          64ms   424,149B
  ! nsa.gov                                 403          40ms          —
    └─ Forbidden
  ✓ fbi.gov                                 200         116ms    56,794B
  ! dni.gov                                 403          42ms          —
    └─ Forbidden
  ! dia.mil                                 403         947ms          —
    └─ Forbidden
  ! dc3.mil                                 403         167ms          —
    └─ Forbidden
  ! intelligence.gov                        403          34ms          —
    └─ Forbidden

========================================================================
  SUMMARY
  Healthy:    43/54
  Failed:     11/54
  Avg time:   480ms
  Timestamp:  2026-04-15T10:40:50Z
========================================================================

─── FULL ENDPOINT LOG ───
  [OK] https://www.weather.gov/
  [OK] https://api.weather.gov/
  [OK] https://www.airnow.gov/
  [OK] https://earthquake.usgs.gov/fdsnws/event/1/query?format=geojson&limit=1
  [OK] https://www.epa.gov/
  [OK] https://www.data.gov/
  [OK] https://www.census.gov/
  [ERR:403] https://www.bls.gov/
  [ERR:FAIL] https://fred.stlouisfed.org/
  [OK] https://www.usaspending.gov/
  [OK] https://www.usa.gov/
  [OK] https://www.gsa.gov/
  [OK] https://www.whitehouse.gov/
  [ERR:403] https://www.congress.gov/
  [OK] https://www.federalregister.gov/
  [OK] https://www.govinfo.gov/
  [ERR:403] https://www.regulations.gov/
  [OK] https://www.grants.gov/
  [OK] https://www.nih.gov/
  [OK] https://www.cdc.gov/
  [OK] https://www.nasa.gov/
  [OK] https://www.nsf.gov/
  [OK] https://www.energy.gov/
  [OK] https://www.usps.com/
  [OK] https://www.irs.gov/
  [ERR:403] https://www.ssa.gov/
  [OK] https://www.sba.gov/
  [OK] https://search.usa.gov/search?affiliate=usagov&query=benefits+eligibility
  [OK] https://search.usa.gov/search?affiliate=noaa.gov&query=forecast+update
  [OK] https://search.usa.gov/search?affiliate=ed.gov&query=student+loan+forgiveness
  [OK] https://search.usa.gov/search?affiliate=hhs.gov&query=medicare+enrollment
  [OK] https://search.usa.gov/search?affiliate=va&query=veteran+benefits+2026
  [OK] https://search.usa.gov/search?affiliate=irs&query=tax+refund+status
  [OK] https://search.usa.gov/search?affiliate=nasa&query=artemis+mission+update
  [OK] https://search.usa.gov/search?affiliate=cia&query=sns_anon
  [OK] https://search.usa.gov/search?affiliate=nsa&query=sns_anon
  [OK] https://search.usa.gov/search?affiliate=fbi&query=sns_anon
  [OK] https://search.usa.gov/search?affiliate=dhs&query=sns_anon
  [OK] https://search.usa.gov/search?affiliate=defense.gov&query=sns_anon
  [OK] https://search.usa.gov/search?affiliate=dos&query=travel+advisory+update
  [OK] https://search.usa.gov/search?affiliate=doj&query=federal+prosecution+guidelines
  [OK] https://search.usa.gov/search?affiliate=dol&query=unemployment+claims+data
  [OK] https://search.usa.gov/search?affiliate=commerce.gov&query=trade+deficit+report
  [OK] https://search.usa.gov/search?affiliate=treasury&query=debt+ceiling+update
  [OK] https://search.usa.gov/search?affiliate=doi.gov&query=national+park+closure
  [OK] https://search.usa.gov/search?affiliate=usda&query=crop+forecast+2026
  [ERR:302] https://www.cia.gov/readingroom/
  [OK] https://www.cia.gov/
  [ERR:403] https://www.nsa.gov/
  [OK] https://www.fbi.gov/
  [ERR:403] https://www.dni.gov/
  [ERR:403] https://www.dia.mil/
  [ERR:403] https://www.dc3.mil/
  [ERR:403] https://www.intelligence.gov/

─── JSON ───
{
  "timestamp": "2026-04-15T10:40:50Z",
  "total": 54,
  "healthy": 43,
  "failed": 11,
  "avg_response_ms": 480,
  "endpoints": [
    {
      "name": "weather.gov",
      "url": "https://www.weather.gov/",
      "status": 200,
      "ms": 68
    },
    {
      "name": "weather.gov API",
      "url": "https://api.weather.gov/",
      "status": 200,
      "ms": 51
    },
    {
      "name": "airnow.gov",
      "url": "https://www.airnow.gov/",
      "status": 200,
      "ms": 13
    },
    {
      "name": "usgs.gov earthquake feed",
      "url": "https://earthquake.usgs.gov/fdsnws/event/1/query?format=geojson&limit=1",
      "status": 200,
      "ms": 15
    },
    {
      "name": "epa.gov",
      "url": "https://www.epa.gov/",
      "status": 200,
      "ms": 21
    },
    {
      "name": "data.gov",
      "url": "https://www.data.gov/",
      "status": 200,
      "ms": 382
    },
    {
      "name": "census.gov",
      "url": "https://www.census.gov/",
      "status": 200,
      "ms": 63
    },
    {
      "name": "bls.gov",
      "url": "https://www.bls.gov/",
      "status": 403,
      "ms": 108
    },
    {
      "name": "fred.stlouisfed.org",
      "url": "https://fred.stlouisfed.org/",
      "status": "FAIL",
      "ms": 20038
    },
    {
      "name": "usaspending.gov",
      "url": "https://www.usaspending.gov/",
      "status": 200,
      "ms": 297
    },
    {
      "name": "usa.gov",
      "url": "https://www.usa.gov/",
      "status": 200,
      "ms": 14
    },
    {
      "name": "gsa.gov",
      "url": "https://www.gsa.gov/",
      "status": 200,
      "ms": 17
    },
    {
      "name": "whitehouse.gov",
      "url": "https://www.whitehouse.gov/",
      "status": 200,
      "ms": 13
    },
    {
      "name": "congress.gov",
      "url": "https://www.congress.gov/",
      "status": 403,
      "ms": 19
    },
    {
      "name": "federalregister.gov",
      "url": "https://www.federalregister.gov/",
      "status": 200,
      "ms": 51
    },
    {
      "name": "govinfo.gov",
      "url": "https://www.govinfo.gov/",
      "status": 200,
      "ms": 37
    },
    {
      "name": "regulations.gov",
      "url": "https://www.regulations.gov/",
      "status": 403,
      "ms": 14
    },
    {
      "name": "grants.gov",
      "url": "https://www.grants.gov/",
      "status": 200,
      "ms": 12
    },
    {
      "name": "nih.gov",
      "url": "https://www.nih.gov/",
      "status": 200,
      "ms": 24
    },
    {
      "name": "cdc.gov",
      "url": "https://www.cdc.gov/",
      "status": 200,
      "ms": 27
    },
    {
      "name": "nasa.gov",
      "url": "https://www.nasa.gov/",
      "status": 200,
      "ms": 16
    },
    {
      "name": "nsf.gov",
      "url": "https://www.nsf.gov/",
      "status": 200,
      "ms": 15
    },
    {
      "name": "energy.gov",
      "url": "https://www.energy.gov/",
      "status": 200,
      "ms": 15
    },
    {
      "name": "usps.com tracking",
      "url": "https://www.usps.com/",
      "status": 200,
      "ms": 114
    },
    {
      "name": "irs.gov",
      "url": "https://www.irs.gov/",
      "status": 200,
      "ms": 143
    },
    {
      "name": "ssa.gov",
      "url": "https://www.ssa.gov/",
      "status": 403,
      "ms": 133
    },
    {
      "name": "sba.gov",
      "url": "https://www.sba.gov/",
      "status": 200,
      "ms": 14
    },
    {
      "name": "search.usa.gov (usa.gov)",
      "url": "https://search.usa.gov/search?affiliate=usagov&query=benefits+eligibility",
      "status": 200,
      "ms": 62
    },
    {
      "name": "search.usa.gov (weather)",
      "url": "https://search.usa.gov/search?affiliate=noaa.gov&query=forecast+update",
      "status": 200,
      "ms": 384
    },
    {
      "name": "search.usa.gov (education)",
      "url": "https://search.usa.gov/search?affiliate=ed.gov&query=student+loan+forgiveness",
      "status": 200,
      "ms": 67
    },
    {
      "name": "search.usa.gov (health)",
      "url": "https://search.usa.gov/search?affiliate=hhs.gov&query=medicare+enrollment",
      "status": 200,
      "ms": 52
    },
    {
      "name": "search.usa.gov (veterans)",
      "url": "https://search.usa.gov/search?affiliate=va&query=veteran+benefits+2026",
      "status": 200,
      "ms": 375
    },
    {
      "name": "search.usa.gov (irs)",
      "url": "https://search.usa.gov/search?affiliate=irs&query=tax+refund+status",
      "status": 200,
      "ms": 42
    },
    {
      "name": "search.usa.gov (nasa)",
      "url": "https://search.usa.gov/search?affiliate=nasa&query=artemis+mission+update",
      "status": 200,
      "ms": 46
    },
    {
      "name": "search.usa.gov (cia)",
      "url": "https://search.usa.gov/search?affiliate=cia&query=sns_anon",
      "status": 200,
      "ms": 478
    },
    {
      "name": "search.usa.gov (nsa)",
      "url": "https://search.usa.gov/search?affiliate=nsa&query=sns_anon",
      "status": 200,
      "ms": 50
    },
    {
      "name": "search.usa.gov (fbi)",
      "url": "https://search.usa.gov/search?affiliate=fbi&query=sns_anon",
      "status": 200,
      "ms": 39
    },
    {
      "name": "search.usa.gov (dhs)",
      "url": "https://search.usa.gov/search?affiliate=dhs&query=sns_anon",
      "status": 200,
      "ms": 38
    },
    {
      "name": "search.usa.gov (defense)",
      "url": "https://search.usa.gov/search?affiliate=defense.gov&query=sns_anon",
      "status": 200,
      "ms": 35
    },
    {
      "name": "search.usa.gov (state)",
      "url": "https://search.usa.gov/search?affiliate=dos&query=travel+advisory+update",
      "status": 200,
      "ms": 39
    },
    {
      "name": "search.usa.gov (justice)",
      "url": "https://search.usa.gov/search?affiliate=doj&query=federal+prosecution+guidelines",
      "status": 200,
      "ms": 150
    },
    {
      "name": "search.usa.gov (labor)",
      "url": "https://search.usa.gov/search?affiliate=dol&query=unemployment+claims+data",
      "status": 200,
      "ms": 37
    },
    {
      "name": "search.usa.gov (commerce)",
      "url": "https://search.usa.gov/search?affiliate=commerce.gov&query=trade+deficit+report",
      "status": 200,
      "ms": 38
    },
    {
      "name": "search.usa.gov (treasury)",
      "url": "https://search.usa.gov/search?affiliate=treasury&query=debt+ceiling+update",
      "status": 200,
      "ms": 330
    },
    {
      "name": "search.usa.gov (interior)",
      "url": "https://search.usa.gov/search?affiliate=doi.gov&query=national+park+closure",
      "status": 200,
      "ms": 183
    },
    {
      "name": "search.usa.gov (agriculture)",
      "url": "https://search.usa.gov/search?affiliate=usda&query=crop+forecast+2026",
      "status": 200,
      "ms": 176
    },
    {
      "name": "cia.gov readingroom",
      "url": "https://www.cia.gov/readingroom/",
      "status": 302,
      "ms": 200
    },
    {
      "name": "cia.gov",
      "url": "https://www.cia.gov/",
      "status": 200,
      "ms": 64
    },
    {
      "name": "nsa.gov",
      "url": "https://www.nsa.gov/",
      "status": 403,
      "ms": 40
    },
    {
      "name": "fbi.gov",
      "url": "https://www.fbi.gov/",
      "status": 200,
      "ms": 116
    },
    {
      "name": "dni.gov",
      "url": "https://www.dni.gov/",
      "status": 403,
      "ms": 42
    },
    {
      "name": "dia.mil",
      "url": "https://www.dia.mil/",
      "status": 403,
      "ms": 947
    },
    {
      "name": "dc3.mil",
      "url": "https://www.dc3.mil/",
      "status": 403,
      "ms": 167
    },
    {
      "name": "intelligence.gov",
      "url": "https://www.intelligence.gov/",
      "status": 403,
      "ms": 34
    }
  ]
}
