========================================================================
  ENDPOINT HEALTH CHECK
  Timestamp:  2026-04-21T10:51:20Z
  Endpoints:  54
========================================================================

  Endpoint                                 Status       Time       Size
  ──────────────────────────────────────── ──────── ──────── ──────────
  ✓ weather.gov                             200         152ms   122,966B
  ✓ weather.gov API                         200         149ms     9,056B
  ✓ airnow.gov                              200          15ms   102,713B
  ✓ usgs.gov earthquake feed                200          34ms       976B
  ✓ epa.gov                                 200          47ms    64,943B
  ✓ data.gov                                200         160ms   120,962B
  ✓ census.gov                              200         436ms   356,824B
  ! bls.gov                                 403         121ms          —
    └─ Forbidden
  ✗ fred.stlouisfed.org                     FAIL      20040ms          —
    └─ The read operation timed out
  ✓ usaspending.gov                         200         388ms     2,983B
  ✓ usa.gov                                 200          13ms    47,197B
  ✓ gsa.gov                                 200          58ms   196,618B
  ✓ whitehouse.gov                          200          72ms   263,855B
  ! congress.gov                            403          33ms          —
    └─ Forbidden
  ✓ federalregister.gov                     200         515ms    10,596B
  ✓ govinfo.gov                             200         129ms    63,540B
  ! regulations.gov                         403          14ms          —
    └─ Forbidden
  ✓ grants.gov                              200          16ms    62,137B
  ✓ nih.gov                                 200         396ms    59,558B
  ✓ cdc.gov                                 200          46ms    59,580B
  ✓ nasa.gov                                200          63ms   329,521B
  ✓ nsf.gov                                 200          24ms    81,067B
  ✓ energy.gov                              200          18ms   129,873B
  ✓ usps.com tracking                       200         235ms    88,175B
  ✓ irs.gov                                 200         121ms   103,168B
  ! ssa.gov                                 403         143ms          —
    └─ Forbidden
  ✓ sba.gov                                 200          17ms   124,773B
  ✓ search.usa.gov (usa.gov)                200         282ms    34,631B
  ✓ search.usa.gov (weather)                200         683ms   120,076B
  ✓ search.usa.gov (education)              200         124ms    34,631B
  ✓ search.usa.gov (health)                 200         127ms    34,631B
  ✓ search.usa.gov (veterans)               200         287ms   124,503B
  ✓ search.usa.gov (irs)                    200         125ms    34,631B
  ✓ search.usa.gov (nasa)                   200         118ms    34,631B
  ✓ search.usa.gov (cia)                    200         566ms   108,746B
  ✓ search.usa.gov (nsa)                    200         123ms    34,631B
  ✓ search.usa.gov (fbi)                    200         119ms    34,631B
  ✓ search.usa.gov (dhs)                    200         121ms    34,631B
  ✓ search.usa.gov (defense)                200         188ms    34,631B
  ✓ search.usa.gov (state)                  200         239ms    34,631B
  ✓ search.usa.gov (justice)                200         120ms    34,631B
  ✓ search.usa.gov (labor)                  200         121ms    34,631B
  ✓ search.usa.gov (commerce)               200         125ms    34,631B
  ✓ search.usa.gov (treasury)               200         414ms   123,781B
  ✓ search.usa.gov (interior)               200         663ms   123,345B
  ✓ search.usa.gov (agriculture)            200         295ms   124,032B
  ! cia.gov readingroom                     302         183ms          —
    └─ The HTTP server returned a redirect error that would lead to
  ✓ cia.gov                                 200          23ms   424,149B
  ! nsa.gov                                 403          96ms          —
    └─ Forbidden
  ✓ fbi.gov                                 200          85ms    55,698B
  ! dni.gov                                 403          64ms          —
    └─ Forbidden
  ! dia.mil                                 403         287ms          —
    └─ Forbidden
  ! dc3.mil                                 403         255ms          —
    └─ Forbidden
  ! intelligence.gov                        403          71ms          —
    └─ Forbidden

========================================================================
  SUMMARY
  Healthy:    43/54
  Failed:     11/54
  Avg time:   543ms
  Timestamp:  2026-04-21T10:51:20Z
========================================================================

─── FULL ENDPOINT LOG ───
  [OK] https://www.weather.gov/
  [OK] https://api.weather.gov/
  [OK] https://www.airnow.gov/
  [OK] https://earthquake.usgs.gov/fdsnws/event/1/query?format=geojson&limit=1
  [OK] https://www.epa.gov/
  [OK] https://www.data.gov/
  [OK] https://www.census.gov/
  [ERR:403] https://www.bls.gov/
  [ERR:FAIL] https://fred.stlouisfed.org/
  [OK] https://www.usaspending.gov/
  [OK] https://www.usa.gov/
  [OK] https://www.gsa.gov/
  [OK] https://www.whitehouse.gov/
  [ERR:403] https://www.congress.gov/
  [OK] https://www.federalregister.gov/
  [OK] https://www.govinfo.gov/
  [ERR:403] https://www.regulations.gov/
  [OK] https://www.grants.gov/
  [OK] https://www.nih.gov/
  [OK] https://www.cdc.gov/
  [OK] https://www.nasa.gov/
  [OK] https://www.nsf.gov/
  [OK] https://www.energy.gov/
  [OK] https://www.usps.com/
  [OK] https://www.irs.gov/
  [ERR:403] https://www.ssa.gov/
  [OK] https://www.sba.gov/
  [OK] https://search.usa.gov/search?affiliate=usagov&query=benefits+eligibility
  [OK] https://search.usa.gov/search?affiliate=noaa.gov&query=forecast+update
  [OK] https://search.usa.gov/search?affiliate=ed.gov&query=student+loan+forgiveness
  [OK] https://search.usa.gov/search?affiliate=hhs.gov&query=medicare+enrollment
  [OK] https://search.usa.gov/search?affiliate=va&query=veteran+benefits+2026
  [OK] https://search.usa.gov/search?affiliate=irs&query=tax+refund+status
  [OK] https://search.usa.gov/search?affiliate=nasa&query=artemis+mission+update
  [OK] https://search.usa.gov/search?affiliate=cia&query=sns_anon
  [OK] https://search.usa.gov/search?affiliate=nsa&query=sns_anon
  [OK] https://search.usa.gov/search?affiliate=fbi&query=sns_anon
  [OK] https://search.usa.gov/search?affiliate=dhs&query=sns_anon
  [OK] https://search.usa.gov/search?affiliate=defense.gov&query=sns_anon
  [OK] https://search.usa.gov/search?affiliate=dos&query=travel+advisory+update
  [OK] https://search.usa.gov/search?affiliate=doj&query=federal+prosecution+guidelines
  [OK] https://search.usa.gov/search?affiliate=dol&query=unemployment+claims+data
  [OK] https://search.usa.gov/search?affiliate=commerce.gov&query=trade+deficit+report
  [OK] https://search.usa.gov/search?affiliate=treasury&query=debt+ceiling+update
  [OK] https://search.usa.gov/search?affiliate=doi.gov&query=national+park+closure
  [OK] https://search.usa.gov/search?affiliate=usda&query=crop+forecast+2026
  [ERR:302] https://www.cia.gov/readingroom/
  [OK] https://www.cia.gov/
  [ERR:403] https://www.nsa.gov/
  [OK] https://www.fbi.gov/
  [ERR:403] https://www.dni.gov/
  [ERR:403] https://www.dia.mil/
  [ERR:403] https://www.dc3.mil/
  [ERR:403] https://www.intelligence.gov/

─── JSON ───
{
  "timestamp": "2026-04-21T10:51:20Z",
  "total": 54,
  "healthy": 43,
  "failed": 11,
  "avg_response_ms": 543,
  "endpoints": [
    {
      "name": "weather.gov",
      "url": "https://www.weather.gov/",
      "status": 200,
      "ms": 152
    },
    {
      "name": "weather.gov API",
      "url": "https://api.weather.gov/",
      "status": 200,
      "ms": 149
    },
    {
      "name": "airnow.gov",
      "url": "https://www.airnow.gov/",
      "status": 200,
      "ms": 15
    },
    {
      "name": "usgs.gov earthquake feed",
      "url": "https://earthquake.usgs.gov/fdsnws/event/1/query?format=geojson&limit=1",
      "status": 200,
      "ms": 34
    },
    {
      "name": "epa.gov",
      "url": "https://www.epa.gov/",
      "status": 200,
      "ms": 47
    },
    {
      "name": "data.gov",
      "url": "https://www.data.gov/",
      "status": 200,
      "ms": 160
    },
    {
      "name": "census.gov",
      "url": "https://www.census.gov/",
      "status": 200,
      "ms": 436
    },
    {
      "name": "bls.gov",
      "url": "https://www.bls.gov/",
      "status": 403,
      "ms": 121
    },
    {
      "name": "fred.stlouisfed.org",
      "url": "https://fred.stlouisfed.org/",
      "status": "FAIL",
      "ms": 20040
    },
    {
      "name": "usaspending.gov",
      "url": "https://www.usaspending.gov/",
      "status": 200,
      "ms": 388
    },
    {
      "name": "usa.gov",
      "url": "https://www.usa.gov/",
      "status": 200,
      "ms": 13
    },
    {
      "name": "gsa.gov",
      "url": "https://www.gsa.gov/",
      "status": 200,
      "ms": 58
    },
    {
      "name": "whitehouse.gov",
      "url": "https://www.whitehouse.gov/",
      "status": 200,
      "ms": 72
    },
    {
      "name": "congress.gov",
      "url": "https://www.congress.gov/",
      "status": 403,
      "ms": 33
    },
    {
      "name": "federalregister.gov",
      "url": "https://www.federalregister.gov/",
      "status": 200,
      "ms": 515
    },
    {
      "name": "govinfo.gov",
      "url": "https://www.govinfo.gov/",
      "status": 200,
      "ms": 129
    },
    {
      "name": "regulations.gov",
      "url": "https://www.regulations.gov/",
      "status": 403,
      "ms": 14
    },
    {
      "name": "grants.gov",
      "url": "https://www.grants.gov/",
      "status": 200,
      "ms": 16
    },
    {
      "name": "nih.gov",
      "url": "https://www.nih.gov/",
      "status": 200,
      "ms": 396
    },
    {
      "name": "cdc.gov",
      "url": "https://www.cdc.gov/",
      "status": 200,
      "ms": 46
    },
    {
      "name": "nasa.gov",
      "url": "https://www.nasa.gov/",
      "status": 200,
      "ms": 63
    },
    {
      "name": "nsf.gov",
      "url": "https://www.nsf.gov/",
      "status": 200,
      "ms": 24
    },
    {
      "name": "energy.gov",
      "url": "https://www.energy.gov/",
      "status": 200,
      "ms": 18
    },
    {
      "name": "usps.com tracking",
      "url": "https://www.usps.com/",
      "status": 200,
      "ms": 235
    },
    {
      "name": "irs.gov",
      "url": "https://www.irs.gov/",
      "status": 200,
      "ms": 121
    },
    {
      "name": "ssa.gov",
      "url": "https://www.ssa.gov/",
      "status": 403,
      "ms": 143
    },
    {
      "name": "sba.gov",
      "url": "https://www.sba.gov/",
      "status": 200,
      "ms": 17
    },
    {
      "name": "search.usa.gov (usa.gov)",
      "url": "https://search.usa.gov/search?affiliate=usagov&query=benefits+eligibility",
      "status": 200,
      "ms": 282
    },
    {
      "name": "search.usa.gov (weather)",
      "url": "https://search.usa.gov/search?affiliate=noaa.gov&query=forecast+update",
      "status": 200,
      "ms": 683
    },
    {
      "name": "search.usa.gov (education)",
      "url": "https://search.usa.gov/search?affiliate=ed.gov&query=student+loan+forgiveness",
      "status": 200,
      "ms": 124
    },
    {
      "name": "search.usa.gov (health)",
      "url": "https://search.usa.gov/search?affiliate=hhs.gov&query=medicare+enrollment",
      "status": 200,
      "ms": 127
    },
    {
      "name": "search.usa.gov (veterans)",
      "url": "https://search.usa.gov/search?affiliate=va&query=veteran+benefits+2026",
      "status": 200,
      "ms": 287
    },
    {
      "name": "search.usa.gov (irs)",
      "url": "https://search.usa.gov/search?affiliate=irs&query=tax+refund+status",
      "status": 200,
      "ms": 125
    },
    {
      "name": "search.usa.gov (nasa)",
      "url": "https://search.usa.gov/search?affiliate=nasa&query=artemis+mission+update",
      "status": 200,
      "ms": 118
    },
    {
      "name": "search.usa.gov (cia)",
      "url": "https://search.usa.gov/search?affiliate=cia&query=sns_anon",
      "status": 200,
      "ms": 566
    },
    {
      "name": "search.usa.gov (nsa)",
      "url": "https://search.usa.gov/search?affiliate=nsa&query=sns_anon",
      "status": 200,
      "ms": 123
    },
    {
      "name": "search.usa.gov (fbi)",
      "url": "https://search.usa.gov/search?affiliate=fbi&query=sns_anon",
      "status": 200,
      "ms": 119
    },
    {
      "name": "search.usa.gov (dhs)",
      "url": "https://search.usa.gov/search?affiliate=dhs&query=sns_anon",
      "status": 200,
      "ms": 121
    },
    {
      "name": "search.usa.gov (defense)",
      "url": "https://search.usa.gov/search?affiliate=defense.gov&query=sns_anon",
      "status": 200,
      "ms": 188
    },
    {
      "name": "search.usa.gov (state)",
      "url": "https://search.usa.gov/search?affiliate=dos&query=travel+advisory+update",
      "status": 200,
      "ms": 239
    },
    {
      "name": "search.usa.gov (justice)",
      "url": "https://search.usa.gov/search?affiliate=doj&query=federal+prosecution+guidelines",
      "status": 200,
      "ms": 120
    },
    {
      "name": "search.usa.gov (labor)",
      "url": "https://search.usa.gov/search?affiliate=dol&query=unemployment+claims+data",
      "status": 200,
      "ms": 121
    },
    {
      "name": "search.usa.gov (commerce)",
      "url": "https://search.usa.gov/search?affiliate=commerce.gov&query=trade+deficit+report",
      "status": 200,
      "ms": 125
    },
    {
      "name": "search.usa.gov (treasury)",
      "url": "https://search.usa.gov/search?affiliate=treasury&query=debt+ceiling+update",
      "status": 200,
      "ms": 414
    },
    {
      "name": "search.usa.gov (interior)",
      "url": "https://search.usa.gov/search?affiliate=doi.gov&query=national+park+closure",
      "status": 200,
      "ms": 663
    },
    {
      "name": "search.usa.gov (agriculture)",
      "url": "https://search.usa.gov/search?affiliate=usda&query=crop+forecast+2026",
      "status": 200,
      "ms": 295
    },
    {
      "name": "cia.gov readingroom",
      "url": "https://www.cia.gov/readingroom/",
      "status": 302,
      "ms": 183
    },
    {
      "name": "cia.gov",
      "url": "https://www.cia.gov/",
      "status": 200,
      "ms": 23
    },
    {
      "name": "nsa.gov",
      "url": "https://www.nsa.gov/",
      "status": 403,
      "ms": 96
    },
    {
      "name": "fbi.gov",
      "url": "https://www.fbi.gov/",
      "status": 200,
      "ms": 85
    },
    {
      "name": "dni.gov",
      "url": "https://www.dni.gov/",
      "status": 403,
      "ms": 64
    },
    {
      "name": "dia.mil",
      "url": "https://www.dia.mil/",
      "status": 403,
      "ms": 287
    },
    {
      "name": "dc3.mil",
      "url": "https://www.dc3.mil/",
      "status": 403,
      "ms": 255
    },
    {
      "name": "intelligence.gov",
      "url": "https://www.intelligence.gov/",
      "status": 403,
      "ms": 71
    }
  ]
}
