========================================================================
  ENDPOINT HEALTH CHECK
  Timestamp:  2026-06-25T09:25:48Z
  Endpoints:  54
========================================================================

  Endpoint                                 Status       Time       Size
  ──────────────────────────────────────── ──────── ──────── ──────────
  ✓ weather.gov                             200          84ms   126,830B
  ✓ weather.gov API                         200         141ms     9,056B
  ✓ airnow.gov                              200          13ms   106,693B
  ✓ usgs.gov earthquake feed                200          29ms       986B
  ✓ epa.gov                                 200          13ms    64,667B
  ✓ data.gov                                200         109ms   121,512B
  ✓ census.gov                              200         450ms   351,249B
  ! bls.gov                                 403         106ms          —
    └─ Forbidden
  ✗ fred.stlouisfed.org                     FAIL      20016ms          —
    └─ The read operation timed out
  ✓ usaspending.gov                         200         296ms     2,983B
  ✓ usa.gov                                 200          12ms    47,199B
  ✓ gsa.gov                                 200          10ms   189,800B
  ✓ whitehouse.gov                          200          63ms   286,970B
  ! congress.gov                            403          11ms          —
    └─ Forbidden
  ✓ federalregister.gov                     200         396ms    10,596B
  ✓ govinfo.gov                             200          87ms    65,491B
  ! regulations.gov                         403          10ms          —
    └─ Forbidden
  ✓ grants.gov                              200          12ms    62,186B
  ✓ nih.gov                                 200         367ms    61,686B
  ✓ cdc.gov                                 200          28ms    60,915B
  ✓ nasa.gov                                200          66ms   338,456B
  ✓ nsf.gov                                 200          13ms    80,923B
  ✓ energy.gov                              200          14ms   129,937B
  ✓ usps.com tracking                       200          57ms    88,467B
  ✓ irs.gov                                 200          36ms   137,879B
  ! ssa.gov                                 403          95ms          —
    └─ Forbidden
  ✓ sba.gov                                 200          11ms   125,852B
  ! search.usa.gov (usa.gov)                202          14ms          —
  ! search.usa.gov (weather)                202          10ms          —
  ! search.usa.gov (education)              202          44ms          —
  ! search.usa.gov (health)                 202          12ms          —
  ! search.usa.gov (veterans)               202          10ms          —
  ! search.usa.gov (irs)                    202           9ms          —
  ! search.usa.gov (nasa)                   202           9ms          —
  ! search.usa.gov (cia)                    202          10ms          —
  ! search.usa.gov (nsa)                    202           9ms          —
  ! search.usa.gov (fbi)                    202           9ms          —
  ! search.usa.gov (dhs)                    202           9ms          —
  ! search.usa.gov (defense)                202           9ms          —
  ! search.usa.gov (state)                  202           9ms          —
  ! search.usa.gov (justice)                202           9ms          —
  ! search.usa.gov (labor)                  202          10ms          —
  ! search.usa.gov (commerce)               202           9ms          —
  ! search.usa.gov (treasury)               202          10ms          —
  ! search.usa.gov (interior)               202           9ms          —
  ! search.usa.gov (agriculture)            202          10ms          —
  ! cia.gov readingroom                     302         102ms          —
    └─ The HTTP server returned a redirect error that would lead to
  ✓ cia.gov                                 200          24ms   441,392B
  ! nsa.gov                                 403         108ms          —
    └─ Forbidden
  ✓ fbi.gov                                 200         143ms    96,365B
  ! dni.gov                                 403          26ms          —
    └─ Forbidden
  ! dia.mil                                 403         225ms          —
    └─ Forbidden
  ! dc3.mil                                 403         147ms          —
    └─ Forbidden
  ! intelligence.gov                        403          70ms          —
    └─ Forbidden

========================================================================
  SUMMARY
  Healthy:    24/54
  Failed:     30/54
  Avg time:   437ms
  Timestamp:  2026-06-25T09:25:48Z
========================================================================

─── FULL ENDPOINT LOG ───
  [OK] https://www.weather.gov/
  [OK] https://api.weather.gov/
  [OK] https://www.airnow.gov/
  [OK] https://earthquake.usgs.gov/fdsnws/event/1/query?format=geojson&limit=1
  [OK] https://www.epa.gov/
  [OK] https://www.data.gov/
  [OK] https://www.census.gov/
  [ERR:403] https://www.bls.gov/
  [ERR:FAIL] https://fred.stlouisfed.org/
  [OK] https://www.usaspending.gov/
  [OK] https://www.usa.gov/
  [OK] https://www.gsa.gov/
  [OK] https://www.whitehouse.gov/
  [ERR:403] https://www.congress.gov/
  [OK] https://www.federalregister.gov/
  [OK] https://www.govinfo.gov/
  [ERR:403] https://www.regulations.gov/
  [OK] https://www.grants.gov/
  [OK] https://www.nih.gov/
  [OK] https://www.cdc.gov/
  [OK] https://www.nasa.gov/
  [OK] https://www.nsf.gov/
  [OK] https://www.energy.gov/
  [OK] https://www.usps.com/
  [OK] https://www.irs.gov/
  [ERR:403] https://www.ssa.gov/
  [OK] https://www.sba.gov/
  [ERR:202] https://search.usa.gov/search?affiliate=usagov&query=benefits+eligibility
  [ERR:202] https://search.usa.gov/search?affiliate=noaa.gov&query=forecast+update
  [ERR:202] https://search.usa.gov/search?affiliate=ed.gov&query=student+loan+forgiveness
  [ERR:202] https://search.usa.gov/search?affiliate=hhs.gov&query=medicare+enrollment
  [ERR:202] https://search.usa.gov/search?affiliate=va&query=veteran+benefits+2026
  [ERR:202] https://search.usa.gov/search?affiliate=irs&query=tax+refund+status
  [ERR:202] https://search.usa.gov/search?affiliate=nasa&query=artemis+mission+update
  [ERR:202] https://search.usa.gov/search?affiliate=cia&query=sns_anon
  [ERR:202] https://search.usa.gov/search?affiliate=nsa&query=sns_anon
  [ERR:202] https://search.usa.gov/search?affiliate=fbi&query=sns_anon
  [ERR:202] https://search.usa.gov/search?affiliate=dhs&query=sns_anon
  [ERR:202] https://search.usa.gov/search?affiliate=defense.gov&query=sns_anon
  [ERR:202] https://search.usa.gov/search?affiliate=dos&query=travel+advisory+update
  [ERR:202] https://search.usa.gov/search?affiliate=doj&query=federal+prosecution+guidelines
  [ERR:202] https://search.usa.gov/search?affiliate=dol&query=unemployment+claims+data
  [ERR:202] https://search.usa.gov/search?affiliate=commerce.gov&query=trade+deficit+report
  [ERR:202] https://search.usa.gov/search?affiliate=treasury&query=debt+ceiling+update
  [ERR:202] https://search.usa.gov/search?affiliate=doi.gov&query=national+park+closure
  [ERR:202] https://search.usa.gov/search?affiliate=usda&query=crop+forecast+2026
  [ERR:302] https://www.cia.gov/readingroom/
  [OK] https://www.cia.gov/
  [ERR:403] https://www.nsa.gov/
  [OK] https://www.fbi.gov/
  [ERR:403] https://www.dni.gov/
  [ERR:403] https://www.dia.mil/
  [ERR:403] https://www.dc3.mil/
  [ERR:403] https://www.intelligence.gov/

─── JSON ───
{
  "timestamp": "2026-06-25T09:25:48Z",
  "total": 54,
  "healthy": 24,
  "failed": 30,
  "avg_response_ms": 437,
  "endpoints": [
    {
      "name": "weather.gov",
      "url": "https://www.weather.gov/",
      "status": 200,
      "ms": 84
    },
    {
      "name": "weather.gov API",
      "url": "https://api.weather.gov/",
      "status": 200,
      "ms": 141
    },
    {
      "name": "airnow.gov",
      "url": "https://www.airnow.gov/",
      "status": 200,
      "ms": 13
    },
    {
      "name": "usgs.gov earthquake feed",
      "url": "https://earthquake.usgs.gov/fdsnws/event/1/query?format=geojson&limit=1",
      "status": 200,
      "ms": 29
    },
    {
      "name": "epa.gov",
      "url": "https://www.epa.gov/",
      "status": 200,
      "ms": 13
    },
    {
      "name": "data.gov",
      "url": "https://www.data.gov/",
      "status": 200,
      "ms": 109
    },
    {
      "name": "census.gov",
      "url": "https://www.census.gov/",
      "status": 200,
      "ms": 450
    },
    {
      "name": "bls.gov",
      "url": "https://www.bls.gov/",
      "status": 403,
      "ms": 106
    },
    {
      "name": "fred.stlouisfed.org",
      "url": "https://fred.stlouisfed.org/",
      "status": "FAIL",
      "ms": 20016
    },
    {
      "name": "usaspending.gov",
      "url": "https://www.usaspending.gov/",
      "status": 200,
      "ms": 296
    },
    {
      "name": "usa.gov",
      "url": "https://www.usa.gov/",
      "status": 200,
      "ms": 12
    },
    {
      "name": "gsa.gov",
      "url": "https://www.gsa.gov/",
      "status": 200,
      "ms": 10
    },
    {
      "name": "whitehouse.gov",
      "url": "https://www.whitehouse.gov/",
      "status": 200,
      "ms": 63
    },
    {
      "name": "congress.gov",
      "url": "https://www.congress.gov/",
      "status": 403,
      "ms": 11
    },
    {
      "name": "federalregister.gov",
      "url": "https://www.federalregister.gov/",
      "status": 200,
      "ms": 396
    },
    {
      "name": "govinfo.gov",
      "url": "https://www.govinfo.gov/",
      "status": 200,
      "ms": 87
    },
    {
      "name": "regulations.gov",
      "url": "https://www.regulations.gov/",
      "status": 403,
      "ms": 10
    },
    {
      "name": "grants.gov",
      "url": "https://www.grants.gov/",
      "status": 200,
      "ms": 12
    },
    {
      "name": "nih.gov",
      "url": "https://www.nih.gov/",
      "status": 200,
      "ms": 367
    },
    {
      "name": "cdc.gov",
      "url": "https://www.cdc.gov/",
      "status": 200,
      "ms": 28
    },
    {
      "name": "nasa.gov",
      "url": "https://www.nasa.gov/",
      "status": 200,
      "ms": 66
    },
    {
      "name": "nsf.gov",
      "url": "https://www.nsf.gov/",
      "status": 200,
      "ms": 13
    },
    {
      "name": "energy.gov",
      "url": "https://www.energy.gov/",
      "status": 200,
      "ms": 14
    },
    {
      "name": "usps.com tracking",
      "url": "https://www.usps.com/",
      "status": 200,
      "ms": 57
    },
    {
      "name": "irs.gov",
      "url": "https://www.irs.gov/",
      "status": 200,
      "ms": 36
    },
    {
      "name": "ssa.gov",
      "url": "https://www.ssa.gov/",
      "status": 403,
      "ms": 95
    },
    {
      "name": "sba.gov",
      "url": "https://www.sba.gov/",
      "status": 200,
      "ms": 11
    },
    {
      "name": "search.usa.gov (usa.gov)",
      "url": "https://search.usa.gov/search?affiliate=usagov&query=benefits+eligibility",
      "status": 202,
      "ms": 14
    },
    {
      "name": "search.usa.gov (weather)",
      "url": "https://search.usa.gov/search?affiliate=noaa.gov&query=forecast+update",
      "status": 202,
      "ms": 10
    },
    {
      "name": "search.usa.gov (education)",
      "url": "https://search.usa.gov/search?affiliate=ed.gov&query=student+loan+forgiveness",
      "status": 202,
      "ms": 44
    },
    {
      "name": "search.usa.gov (health)",
      "url": "https://search.usa.gov/search?affiliate=hhs.gov&query=medicare+enrollment",
      "status": 202,
      "ms": 12
    },
    {
      "name": "search.usa.gov (veterans)",
      "url": "https://search.usa.gov/search?affiliate=va&query=veteran+benefits+2026",
      "status": 202,
      "ms": 10
    },
    {
      "name": "search.usa.gov (irs)",
      "url": "https://search.usa.gov/search?affiliate=irs&query=tax+refund+status",
      "status": 202,
      "ms": 9
    },
    {
      "name": "search.usa.gov (nasa)",
      "url": "https://search.usa.gov/search?affiliate=nasa&query=artemis+mission+update",
      "status": 202,
      "ms": 9
    },
    {
      "name": "search.usa.gov (cia)",
      "url": "https://search.usa.gov/search?affiliate=cia&query=sns_anon",
      "status": 202,
      "ms": 10
    },
    {
      "name": "search.usa.gov (nsa)",
      "url": "https://search.usa.gov/search?affiliate=nsa&query=sns_anon",
      "status": 202,
      "ms": 9
    },
    {
      "name": "search.usa.gov (fbi)",
      "url": "https://search.usa.gov/search?affiliate=fbi&query=sns_anon",
      "status": 202,
      "ms": 9
    },
    {
      "name": "search.usa.gov (dhs)",
      "url": "https://search.usa.gov/search?affiliate=dhs&query=sns_anon",
      "status": 202,
      "ms": 9
    },
    {
      "name": "search.usa.gov (defense)",
      "url": "https://search.usa.gov/search?affiliate=defense.gov&query=sns_anon",
      "status": 202,
      "ms": 9
    },
    {
      "name": "search.usa.gov (state)",
      "url": "https://search.usa.gov/search?affiliate=dos&query=travel+advisory+update",
      "status": 202,
      "ms": 9
    },
    {
      "name": "search.usa.gov (justice)",
      "url": "https://search.usa.gov/search?affiliate=doj&query=federal+prosecution+guidelines",
      "status": 202,
      "ms": 9
    },
    {
      "name": "search.usa.gov (labor)",
      "url": "https://search.usa.gov/search?affiliate=dol&query=unemployment+claims+data",
      "status": 202,
      "ms": 10
    },
    {
      "name": "search.usa.gov (commerce)",
      "url": "https://search.usa.gov/search?affiliate=commerce.gov&query=trade+deficit+report",
      "status": 202,
      "ms": 9
    },
    {
      "name": "search.usa.gov (treasury)",
      "url": "https://search.usa.gov/search?affiliate=treasury&query=debt+ceiling+update",
      "status": 202,
      "ms": 10
    },
    {
      "name": "search.usa.gov (interior)",
      "url": "https://search.usa.gov/search?affiliate=doi.gov&query=national+park+closure",
      "status": 202,
      "ms": 9
    },
    {
      "name": "search.usa.gov (agriculture)",
      "url": "https://search.usa.gov/search?affiliate=usda&query=crop+forecast+2026",
      "status": 202,
      "ms": 10
    },
    {
      "name": "cia.gov readingroom",
      "url": "https://www.cia.gov/readingroom/",
      "status": 302,
      "ms": 102
    },
    {
      "name": "cia.gov",
      "url": "https://www.cia.gov/",
      "status": 200,
      "ms": 24
    },
    {
      "name": "nsa.gov",
      "url": "https://www.nsa.gov/",
      "status": 403,
      "ms": 108
    },
    {
      "name": "fbi.gov",
      "url": "https://www.fbi.gov/",
      "status": 200,
      "ms": 143
    },
    {
      "name": "dni.gov",
      "url": "https://www.dni.gov/",
      "status": 403,
      "ms": 26
    },
    {
      "name": "dia.mil",
      "url": "https://www.dia.mil/",
      "status": 403,
      "ms": 225
    },
    {
      "name": "dc3.mil",
      "url": "https://www.dc3.mil/",
      "status": 403,
      "ms": 147
    },
    {
      "name": "intelligence.gov",
      "url": "https://www.intelligence.gov/",
      "status": 403,
      "ms": 70
    }
  ]
}
