========================================================================
  ENDPOINT HEALTH CHECK
  Timestamp:  2026-05-01T10:54:18Z
  Endpoints:  54
========================================================================

  Endpoint                                 Status       Time       Size
  ──────────────────────────────────────── ──────── ──────── ──────────
  ✓ weather.gov                             200         256ms   122,579B
  ✓ weather.gov API                         200         243ms     9,495B
  ✓ airnow.gov                              200         154ms   105,139B
  ✓ usgs.gov earthquake feed                200          43ms       969B
  ✓ epa.gov                                 200          61ms    64,598B
  ✓ data.gov                                200         302ms   120,963B
  ✓ census.gov                              200         283ms   354,532B
  ! bls.gov                                 403         146ms          —
    └─ Forbidden
  ✗ fred.stlouisfed.org                     FAIL      20097ms          —
    └─ The read operation timed out
  ✓ usaspending.gov                         200         524ms     2,983B
  ✓ usa.gov                                 200          67ms    47,197B
  ✓ gsa.gov                                 200          71ms   196,591B
  ✓ whitehouse.gov                          200          88ms   264,403B
  ! congress.gov                            403          37ms          —
    └─ Forbidden
  ✓ federalregister.gov                     200         208ms    10,596B
  ✓ govinfo.gov                             200          98ms    63,521B
  ! regulations.gov                         403          35ms          —
    └─ Forbidden
  ✓ grants.gov                              200          62ms    62,136B
  ✓ nih.gov                                 200         178ms    59,801B
  ✓ cdc.gov                                 200         108ms    59,942B
  ✓ nasa.gov                                200         120ms   348,685B
  ✓ nsf.gov                                 200          59ms    81,178B
  ✓ energy.gov                              200          64ms   130,078B
  ✓ usps.com tracking                       200         268ms    88,441B
  ✓ irs.gov                                 200         213ms   101,864B
  ! ssa.gov                                 403         168ms          —
    └─ Forbidden
  ✓ sba.gov                                 200          69ms   125,561B
  ✓ search.usa.gov (usa.gov)                200         174ms    34,631B
  ✓ search.usa.gov (weather)                200         375ms   120,524B
  ✓ search.usa.gov (education)              200         119ms    34,631B
  ✓ search.usa.gov (health)                 200         115ms    34,631B
  ✓ search.usa.gov (veterans)               200         257ms   125,168B
  ✓ search.usa.gov (irs)                    200         223ms    34,631B
  ✓ search.usa.gov (nasa)                   200         113ms    34,631B
  ✓ search.usa.gov (cia)                    200         361ms   108,864B
  ✓ search.usa.gov (nsa)                    200         113ms    34,631B
  ✓ search.usa.gov (fbi)                    200         203ms    34,631B
  ✓ search.usa.gov (dhs)                    200         140ms    34,631B
  ✓ search.usa.gov (defense)                200         188ms    34,631B
  ✓ search.usa.gov (state)                  200         147ms    34,631B
  ✓ search.usa.gov (justice)                200         121ms    34,631B
  ✓ search.usa.gov (labor)                  200         110ms    34,631B
  ✓ search.usa.gov (commerce)               200         115ms    34,631B
  ✓ search.usa.gov (treasury)               200         417ms   123,977B
  ✓ search.usa.gov (interior)               200         407ms   123,452B
  ✓ search.usa.gov (agriculture)            200         405ms   123,822B
  ! cia.gov readingroom                     302         435ms          —
    └─ The HTTP server returned a redirect error that would lead to
  ✓ cia.gov                                 200         152ms   424,149B
  ! nsa.gov                                 403         154ms          —
    └─ Forbidden
  ✓ fbi.gov                                 200         125ms    55,698B
  ! dni.gov                                 403         152ms          —
    └─ Forbidden
  ! dia.mil                                 403         306ms          —
    └─ Forbidden
  ! dc3.mil                                 403         224ms          —
    └─ Forbidden
  ! intelligence.gov                        403         221ms          —
    └─ Forbidden

========================================================================
  SUMMARY
  Healthy:    43/54
  Failed:     11/54
  Avg time:   553ms
  Timestamp:  2026-05-01T10:54:18Z
========================================================================

─── FULL ENDPOINT LOG ───
  [OK] https://www.weather.gov/
  [OK] https://api.weather.gov/
  [OK] https://www.airnow.gov/
  [OK] https://earthquake.usgs.gov/fdsnws/event/1/query?format=geojson&limit=1
  [OK] https://www.epa.gov/
  [OK] https://www.data.gov/
  [OK] https://www.census.gov/
  [ERR:403] https://www.bls.gov/
  [ERR:FAIL] https://fred.stlouisfed.org/
  [OK] https://www.usaspending.gov/
  [OK] https://www.usa.gov/
  [OK] https://www.gsa.gov/
  [OK] https://www.whitehouse.gov/
  [ERR:403] https://www.congress.gov/
  [OK] https://www.federalregister.gov/
  [OK] https://www.govinfo.gov/
  [ERR:403] https://www.regulations.gov/
  [OK] https://www.grants.gov/
  [OK] https://www.nih.gov/
  [OK] https://www.cdc.gov/
  [OK] https://www.nasa.gov/
  [OK] https://www.nsf.gov/
  [OK] https://www.energy.gov/
  [OK] https://www.usps.com/
  [OK] https://www.irs.gov/
  [ERR:403] https://www.ssa.gov/
  [OK] https://www.sba.gov/
  [OK] https://search.usa.gov/search?affiliate=usagov&query=benefits+eligibility
  [OK] https://search.usa.gov/search?affiliate=noaa.gov&query=forecast+update
  [OK] https://search.usa.gov/search?affiliate=ed.gov&query=student+loan+forgiveness
  [OK] https://search.usa.gov/search?affiliate=hhs.gov&query=medicare+enrollment
  [OK] https://search.usa.gov/search?affiliate=va&query=veteran+benefits+2026
  [OK] https://search.usa.gov/search?affiliate=irs&query=tax+refund+status
  [OK] https://search.usa.gov/search?affiliate=nasa&query=artemis+mission+update
  [OK] https://search.usa.gov/search?affiliate=cia&query=sns_anon
  [OK] https://search.usa.gov/search?affiliate=nsa&query=sns_anon
  [OK] https://search.usa.gov/search?affiliate=fbi&query=sns_anon
  [OK] https://search.usa.gov/search?affiliate=dhs&query=sns_anon
  [OK] https://search.usa.gov/search?affiliate=defense.gov&query=sns_anon
  [OK] https://search.usa.gov/search?affiliate=dos&query=travel+advisory+update
  [OK] https://search.usa.gov/search?affiliate=doj&query=federal+prosecution+guidelines
  [OK] https://search.usa.gov/search?affiliate=dol&query=unemployment+claims+data
  [OK] https://search.usa.gov/search?affiliate=commerce.gov&query=trade+deficit+report
  [OK] https://search.usa.gov/search?affiliate=treasury&query=debt+ceiling+update
  [OK] https://search.usa.gov/search?affiliate=doi.gov&query=national+park+closure
  [OK] https://search.usa.gov/search?affiliate=usda&query=crop+forecast+2026
  [ERR:302] https://www.cia.gov/readingroom/
  [OK] https://www.cia.gov/
  [ERR:403] https://www.nsa.gov/
  [OK] https://www.fbi.gov/
  [ERR:403] https://www.dni.gov/
  [ERR:403] https://www.dia.mil/
  [ERR:403] https://www.dc3.mil/
  [ERR:403] https://www.intelligence.gov/

─── JSON ───
{
  "timestamp": "2026-05-01T10:54:18Z",
  "total": 54,
  "healthy": 43,
  "failed": 11,
  "avg_response_ms": 553,
  "endpoints": [
    {
      "name": "weather.gov",
      "url": "https://www.weather.gov/",
      "status": 200,
      "ms": 256
    },
    {
      "name": "weather.gov API",
      "url": "https://api.weather.gov/",
      "status": 200,
      "ms": 243
    },
    {
      "name": "airnow.gov",
      "url": "https://www.airnow.gov/",
      "status": 200,
      "ms": 154
    },
    {
      "name": "usgs.gov earthquake feed",
      "url": "https://earthquake.usgs.gov/fdsnws/event/1/query?format=geojson&limit=1",
      "status": 200,
      "ms": 43
    },
    {
      "name": "epa.gov",
      "url": "https://www.epa.gov/",
      "status": 200,
      "ms": 61
    },
    {
      "name": "data.gov",
      "url": "https://www.data.gov/",
      "status": 200,
      "ms": 302
    },
    {
      "name": "census.gov",
      "url": "https://www.census.gov/",
      "status": 200,
      "ms": 283
    },
    {
      "name": "bls.gov",
      "url": "https://www.bls.gov/",
      "status": 403,
      "ms": 146
    },
    {
      "name": "fred.stlouisfed.org",
      "url": "https://fred.stlouisfed.org/",
      "status": "FAIL",
      "ms": 20097
    },
    {
      "name": "usaspending.gov",
      "url": "https://www.usaspending.gov/",
      "status": 200,
      "ms": 524
    },
    {
      "name": "usa.gov",
      "url": "https://www.usa.gov/",
      "status": 200,
      "ms": 67
    },
    {
      "name": "gsa.gov",
      "url": "https://www.gsa.gov/",
      "status": 200,
      "ms": 71
    },
    {
      "name": "whitehouse.gov",
      "url": "https://www.whitehouse.gov/",
      "status": 200,
      "ms": 88
    },
    {
      "name": "congress.gov",
      "url": "https://www.congress.gov/",
      "status": 403,
      "ms": 37
    },
    {
      "name": "federalregister.gov",
      "url": "https://www.federalregister.gov/",
      "status": 200,
      "ms": 208
    },
    {
      "name": "govinfo.gov",
      "url": "https://www.govinfo.gov/",
      "status": 200,
      "ms": 98
    },
    {
      "name": "regulations.gov",
      "url": "https://www.regulations.gov/",
      "status": 403,
      "ms": 35
    },
    {
      "name": "grants.gov",
      "url": "https://www.grants.gov/",
      "status": 200,
      "ms": 62
    },
    {
      "name": "nih.gov",
      "url": "https://www.nih.gov/",
      "status": 200,
      "ms": 178
    },
    {
      "name": "cdc.gov",
      "url": "https://www.cdc.gov/",
      "status": 200,
      "ms": 108
    },
    {
      "name": "nasa.gov",
      "url": "https://www.nasa.gov/",
      "status": 200,
      "ms": 120
    },
    {
      "name": "nsf.gov",
      "url": "https://www.nsf.gov/",
      "status": 200,
      "ms": 59
    },
    {
      "name": "energy.gov",
      "url": "https://www.energy.gov/",
      "status": 200,
      "ms": 64
    },
    {
      "name": "usps.com tracking",
      "url": "https://www.usps.com/",
      "status": 200,
      "ms": 268
    },
    {
      "name": "irs.gov",
      "url": "https://www.irs.gov/",
      "status": 200,
      "ms": 213
    },
    {
      "name": "ssa.gov",
      "url": "https://www.ssa.gov/",
      "status": 403,
      "ms": 168
    },
    {
      "name": "sba.gov",
      "url": "https://www.sba.gov/",
      "status": 200,
      "ms": 69
    },
    {
      "name": "search.usa.gov (usa.gov)",
      "url": "https://search.usa.gov/search?affiliate=usagov&query=benefits+eligibility",
      "status": 200,
      "ms": 174
    },
    {
      "name": "search.usa.gov (weather)",
      "url": "https://search.usa.gov/search?affiliate=noaa.gov&query=forecast+update",
      "status": 200,
      "ms": 375
    },
    {
      "name": "search.usa.gov (education)",
      "url": "https://search.usa.gov/search?affiliate=ed.gov&query=student+loan+forgiveness",
      "status": 200,
      "ms": 119
    },
    {
      "name": "search.usa.gov (health)",
      "url": "https://search.usa.gov/search?affiliate=hhs.gov&query=medicare+enrollment",
      "status": 200,
      "ms": 115
    },
    {
      "name": "search.usa.gov (veterans)",
      "url": "https://search.usa.gov/search?affiliate=va&query=veteran+benefits+2026",
      "status": 200,
      "ms": 257
    },
    {
      "name": "search.usa.gov (irs)",
      "url": "https://search.usa.gov/search?affiliate=irs&query=tax+refund+status",
      "status": 200,
      "ms": 223
    },
    {
      "name": "search.usa.gov (nasa)",
      "url": "https://search.usa.gov/search?affiliate=nasa&query=artemis+mission+update",
      "status": 200,
      "ms": 113
    },
    {
      "name": "search.usa.gov (cia)",
      "url": "https://search.usa.gov/search?affiliate=cia&query=sns_anon",
      "status": 200,
      "ms": 361
    },
    {
      "name": "search.usa.gov (nsa)",
      "url": "https://search.usa.gov/search?affiliate=nsa&query=sns_anon",
      "status": 200,
      "ms": 113
    },
    {
      "name": "search.usa.gov (fbi)",
      "url": "https://search.usa.gov/search?affiliate=fbi&query=sns_anon",
      "status": 200,
      "ms": 203
    },
    {
      "name": "search.usa.gov (dhs)",
      "url": "https://search.usa.gov/search?affiliate=dhs&query=sns_anon",
      "status": 200,
      "ms": 140
    },
    {
      "name": "search.usa.gov (defense)",
      "url": "https://search.usa.gov/search?affiliate=defense.gov&query=sns_anon",
      "status": 200,
      "ms": 188
    },
    {
      "name": "search.usa.gov (state)",
      "url": "https://search.usa.gov/search?affiliate=dos&query=travel+advisory+update",
      "status": 200,
      "ms": 147
    },
    {
      "name": "search.usa.gov (justice)",
      "url": "https://search.usa.gov/search?affiliate=doj&query=federal+prosecution+guidelines",
      "status": 200,
      "ms": 121
    },
    {
      "name": "search.usa.gov (labor)",
      "url": "https://search.usa.gov/search?affiliate=dol&query=unemployment+claims+data",
      "status": 200,
      "ms": 110
    },
    {
      "name": "search.usa.gov (commerce)",
      "url": "https://search.usa.gov/search?affiliate=commerce.gov&query=trade+deficit+report",
      "status": 200,
      "ms": 115
    },
    {
      "name": "search.usa.gov (treasury)",
      "url": "https://search.usa.gov/search?affiliate=treasury&query=debt+ceiling+update",
      "status": 200,
      "ms": 417
    },
    {
      "name": "search.usa.gov (interior)",
      "url": "https://search.usa.gov/search?affiliate=doi.gov&query=national+park+closure",
      "status": 200,
      "ms": 407
    },
    {
      "name": "search.usa.gov (agriculture)",
      "url": "https://search.usa.gov/search?affiliate=usda&query=crop+forecast+2026",
      "status": 200,
      "ms": 405
    },
    {
      "name": "cia.gov readingroom",
      "url": "https://www.cia.gov/readingroom/",
      "status": 302,
      "ms": 435
    },
    {
      "name": "cia.gov",
      "url": "https://www.cia.gov/",
      "status": 200,
      "ms": 152
    },
    {
      "name": "nsa.gov",
      "url": "https://www.nsa.gov/",
      "status": 403,
      "ms": 154
    },
    {
      "name": "fbi.gov",
      "url": "https://www.fbi.gov/",
      "status": 200,
      "ms": 125
    },
    {
      "name": "dni.gov",
      "url": "https://www.dni.gov/",
      "status": 403,
      "ms": 152
    },
    {
      "name": "dia.mil",
      "url": "https://www.dia.mil/",
      "status": 403,
      "ms": 306
    },
    {
      "name": "dc3.mil",
      "url": "https://www.dc3.mil/",
      "status": 403,
      "ms": 224
    },
    {
      "name": "intelligence.gov",
      "url": "https://www.intelligence.gov/",
      "status": 403,
      "ms": 221
    }
  ]
}
