========================================================================
  ENDPOINT HEALTH CHECK
  Timestamp:  2026-04-17T10:36:54Z
  Endpoints:  54
========================================================================

  Endpoint                                 Status       Time       Size
  ──────────────────────────────────────── ──────── ──────── ──────────
  ✓ weather.gov                             200          61ms   122,627B
  ✓ weather.gov API                         200         107ms     9,056B
  ✓ airnow.gov                              200          16ms   102,713B
  ✓ usgs.gov earthquake feed                200          14ms       934B
  ✓ epa.gov                                 200          17ms    65,096B
  ✓ data.gov                                200         348ms   120,961B
  ✓ census.gov                              200         133ms   357,014B
  ! bls.gov                                 403          26ms          —
    └─ Forbidden
  ✗ fred.stlouisfed.org                     FAIL      20027ms          —
    └─ The read operation timed out
  ✓ usaspending.gov                         200         544ms     2,983B
  ✓ usa.gov                                 200          15ms    47,197B
  ✓ gsa.gov                                 200          20ms   196,767B
  ✓ whitehouse.gov                          200          15ms   263,851B
  ! congress.gov                            403          19ms          —
    └─ Forbidden
  ✓ federalregister.gov                     200          46ms    10,596B
  ✓ govinfo.gov                             200          36ms    63,540B
  ! regulations.gov                         403          14ms          —
    └─ Forbidden
  ✓ grants.gov                              200          10ms    62,136B
  ✓ nih.gov                                 200          24ms    59,558B
  ✓ cdc.gov                                 200          77ms    59,635B
  ✓ nasa.gov                                200          14ms   337,721B
  ✓ nsf.gov                                 200          21ms    81,058B
  ✓ energy.gov                              200          17ms   130,036B
  ✓ usps.com tracking                       200         125ms    88,176B
  ✓ irs.gov                                 200          62ms   103,168B
  ! ssa.gov                                 403         135ms          —
    └─ Forbidden
  ✓ sba.gov                                 200          15ms   124,757B
  ✓ search.usa.gov (usa.gov)                200         130ms    34,631B
  ✓ search.usa.gov (weather)                200         176ms   119,185B
  ✓ search.usa.gov (education)              200          56ms    34,631B
  ✓ search.usa.gov (health)                 200          87ms    34,631B
  ✓ search.usa.gov (veterans)               200         219ms   123,430B
  ✓ search.usa.gov (irs)                    200          42ms    34,631B
  ✓ search.usa.gov (nasa)                   200          44ms    34,631B
  ✓ search.usa.gov (cia)                    200         314ms   107,673B
  ✓ search.usa.gov (nsa)                    200          58ms    34,631B
  ✓ search.usa.gov (fbi)                    200          41ms    34,631B
  ✓ search.usa.gov (dhs)                    200          50ms    34,631B
  ✓ search.usa.gov (defense)                200         144ms    34,631B
  ✓ search.usa.gov (state)                  200          52ms    34,631B
  ✓ search.usa.gov (justice)                200          42ms    34,631B
  ✓ search.usa.gov (labor)                  200          42ms    34,631B
  ✓ search.usa.gov (commerce)               200          47ms    34,631B
  ✓ search.usa.gov (treasury)               200         359ms   122,786B
  ✓ search.usa.gov (interior)               200         310ms   122,272B
  ✓ search.usa.gov (agriculture)            200         360ms   122,841B
  ! cia.gov readingroom                     302         227ms          —
    └─ The HTTP server returned a redirect error that would lead to
  ✓ cia.gov                                 200          41ms   424,149B
  ! nsa.gov                                 403          35ms          —
    └─ Forbidden
  ✓ fbi.gov                                 200         133ms    56,794B
  ! dni.gov                                 403          34ms          —
    └─ Forbidden
  ! dia.mil                                 403         208ms          —
    └─ Forbidden
  ! dc3.mil                                 403         151ms          —
    └─ Forbidden
  ! intelligence.gov                        403          67ms          —
    └─ Forbidden

========================================================================
  SUMMARY
  Healthy:    43/54
  Failed:     11/54
  Avg time:   470ms
  Timestamp:  2026-04-17T10:36:54Z
========================================================================

─── FULL ENDPOINT LOG ───
  [OK] https://www.weather.gov/
  [OK] https://api.weather.gov/
  [OK] https://www.airnow.gov/
  [OK] https://earthquake.usgs.gov/fdsnws/event/1/query?format=geojson&limit=1
  [OK] https://www.epa.gov/
  [OK] https://www.data.gov/
  [OK] https://www.census.gov/
  [ERR:403] https://www.bls.gov/
  [ERR:FAIL] https://fred.stlouisfed.org/
  [OK] https://www.usaspending.gov/
  [OK] https://www.usa.gov/
  [OK] https://www.gsa.gov/
  [OK] https://www.whitehouse.gov/
  [ERR:403] https://www.congress.gov/
  [OK] https://www.federalregister.gov/
  [OK] https://www.govinfo.gov/
  [ERR:403] https://www.regulations.gov/
  [OK] https://www.grants.gov/
  [OK] https://www.nih.gov/
  [OK] https://www.cdc.gov/
  [OK] https://www.nasa.gov/
  [OK] https://www.nsf.gov/
  [OK] https://www.energy.gov/
  [OK] https://www.usps.com/
  [OK] https://www.irs.gov/
  [ERR:403] https://www.ssa.gov/
  [OK] https://www.sba.gov/
  [OK] https://search.usa.gov/search?affiliate=usagov&query=benefits+eligibility
  [OK] https://search.usa.gov/search?affiliate=noaa.gov&query=forecast+update
  [OK] https://search.usa.gov/search?affiliate=ed.gov&query=student+loan+forgiveness
  [OK] https://search.usa.gov/search?affiliate=hhs.gov&query=medicare+enrollment
  [OK] https://search.usa.gov/search?affiliate=va&query=veteran+benefits+2026
  [OK] https://search.usa.gov/search?affiliate=irs&query=tax+refund+status
  [OK] https://search.usa.gov/search?affiliate=nasa&query=artemis+mission+update
  [OK] https://search.usa.gov/search?affiliate=cia&query=sns_anon
  [OK] https://search.usa.gov/search?affiliate=nsa&query=sns_anon
  [OK] https://search.usa.gov/search?affiliate=fbi&query=sns_anon
  [OK] https://search.usa.gov/search?affiliate=dhs&query=sns_anon
  [OK] https://search.usa.gov/search?affiliate=defense.gov&query=sns_anon
  [OK] https://search.usa.gov/search?affiliate=dos&query=travel+advisory+update
  [OK] https://search.usa.gov/search?affiliate=doj&query=federal+prosecution+guidelines
  [OK] https://search.usa.gov/search?affiliate=dol&query=unemployment+claims+data
  [OK] https://search.usa.gov/search?affiliate=commerce.gov&query=trade+deficit+report
  [OK] https://search.usa.gov/search?affiliate=treasury&query=debt+ceiling+update
  [OK] https://search.usa.gov/search?affiliate=doi.gov&query=national+park+closure
  [OK] https://search.usa.gov/search?affiliate=usda&query=crop+forecast+2026
  [ERR:302] https://www.cia.gov/readingroom/
  [OK] https://www.cia.gov/
  [ERR:403] https://www.nsa.gov/
  [OK] https://www.fbi.gov/
  [ERR:403] https://www.dni.gov/
  [ERR:403] https://www.dia.mil/
  [ERR:403] https://www.dc3.mil/
  [ERR:403] https://www.intelligence.gov/

─── JSON ───
{
  "timestamp": "2026-04-17T10:36:54Z",
  "total": 54,
  "healthy": 43,
  "failed": 11,
  "avg_response_ms": 470,
  "endpoints": [
    {
      "name": "weather.gov",
      "url": "https://www.weather.gov/",
      "status": 200,
      "ms": 61
    },
    {
      "name": "weather.gov API",
      "url": "https://api.weather.gov/",
      "status": 200,
      "ms": 107
    },
    {
      "name": "airnow.gov",
      "url": "https://www.airnow.gov/",
      "status": 200,
      "ms": 16
    },
    {
      "name": "usgs.gov earthquake feed",
      "url": "https://earthquake.usgs.gov/fdsnws/event/1/query?format=geojson&limit=1",
      "status": 200,
      "ms": 14
    },
    {
      "name": "epa.gov",
      "url": "https://www.epa.gov/",
      "status": 200,
      "ms": 17
    },
    {
      "name": "data.gov",
      "url": "https://www.data.gov/",
      "status": 200,
      "ms": 348
    },
    {
      "name": "census.gov",
      "url": "https://www.census.gov/",
      "status": 200,
      "ms": 133
    },
    {
      "name": "bls.gov",
      "url": "https://www.bls.gov/",
      "status": 403,
      "ms": 26
    },
    {
      "name": "fred.stlouisfed.org",
      "url": "https://fred.stlouisfed.org/",
      "status": "FAIL",
      "ms": 20027
    },
    {
      "name": "usaspending.gov",
      "url": "https://www.usaspending.gov/",
      "status": 200,
      "ms": 544
    },
    {
      "name": "usa.gov",
      "url": "https://www.usa.gov/",
      "status": 200,
      "ms": 15
    },
    {
      "name": "gsa.gov",
      "url": "https://www.gsa.gov/",
      "status": 200,
      "ms": 20
    },
    {
      "name": "whitehouse.gov",
      "url": "https://www.whitehouse.gov/",
      "status": 200,
      "ms": 15
    },
    {
      "name": "congress.gov",
      "url": "https://www.congress.gov/",
      "status": 403,
      "ms": 19
    },
    {
      "name": "federalregister.gov",
      "url": "https://www.federalregister.gov/",
      "status": 200,
      "ms": 46
    },
    {
      "name": "govinfo.gov",
      "url": "https://www.govinfo.gov/",
      "status": 200,
      "ms": 36
    },
    {
      "name": "regulations.gov",
      "url": "https://www.regulations.gov/",
      "status": 403,
      "ms": 14
    },
    {
      "name": "grants.gov",
      "url": "https://www.grants.gov/",
      "status": 200,
      "ms": 10
    },
    {
      "name": "nih.gov",
      "url": "https://www.nih.gov/",
      "status": 200,
      "ms": 24
    },
    {
      "name": "cdc.gov",
      "url": "https://www.cdc.gov/",
      "status": 200,
      "ms": 77
    },
    {
      "name": "nasa.gov",
      "url": "https://www.nasa.gov/",
      "status": 200,
      "ms": 14
    },
    {
      "name": "nsf.gov",
      "url": "https://www.nsf.gov/",
      "status": 200,
      "ms": 21
    },
    {
      "name": "energy.gov",
      "url": "https://www.energy.gov/",
      "status": 200,
      "ms": 17
    },
    {
      "name": "usps.com tracking",
      "url": "https://www.usps.com/",
      "status": 200,
      "ms": 125
    },
    {
      "name": "irs.gov",
      "url": "https://www.irs.gov/",
      "status": 200,
      "ms": 62
    },
    {
      "name": "ssa.gov",
      "url": "https://www.ssa.gov/",
      "status": 403,
      "ms": 135
    },
    {
      "name": "sba.gov",
      "url": "https://www.sba.gov/",
      "status": 200,
      "ms": 15
    },
    {
      "name": "search.usa.gov (usa.gov)",
      "url": "https://search.usa.gov/search?affiliate=usagov&query=benefits+eligibility",
      "status": 200,
      "ms": 130
    },
    {
      "name": "search.usa.gov (weather)",
      "url": "https://search.usa.gov/search?affiliate=noaa.gov&query=forecast+update",
      "status": 200,
      "ms": 176
    },
    {
      "name": "search.usa.gov (education)",
      "url": "https://search.usa.gov/search?affiliate=ed.gov&query=student+loan+forgiveness",
      "status": 200,
      "ms": 56
    },
    {
      "name": "search.usa.gov (health)",
      "url": "https://search.usa.gov/search?affiliate=hhs.gov&query=medicare+enrollment",
      "status": 200,
      "ms": 87
    },
    {
      "name": "search.usa.gov (veterans)",
      "url": "https://search.usa.gov/search?affiliate=va&query=veteran+benefits+2026",
      "status": 200,
      "ms": 219
    },
    {
      "name": "search.usa.gov (irs)",
      "url": "https://search.usa.gov/search?affiliate=irs&query=tax+refund+status",
      "status": 200,
      "ms": 42
    },
    {
      "name": "search.usa.gov (nasa)",
      "url": "https://search.usa.gov/search?affiliate=nasa&query=artemis+mission+update",
      "status": 200,
      "ms": 44
    },
    {
      "name": "search.usa.gov (cia)",
      "url": "https://search.usa.gov/search?affiliate=cia&query=sns_anon",
      "status": 200,
      "ms": 314
    },
    {
      "name": "search.usa.gov (nsa)",
      "url": "https://search.usa.gov/search?affiliate=nsa&query=sns_anon",
      "status": 200,
      "ms": 58
    },
    {
      "name": "search.usa.gov (fbi)",
      "url": "https://search.usa.gov/search?affiliate=fbi&query=sns_anon",
      "status": 200,
      "ms": 41
    },
    {
      "name": "search.usa.gov (dhs)",
      "url": "https://search.usa.gov/search?affiliate=dhs&query=sns_anon",
      "status": 200,
      "ms": 50
    },
    {
      "name": "search.usa.gov (defense)",
      "url": "https://search.usa.gov/search?affiliate=defense.gov&query=sns_anon",
      "status": 200,
      "ms": 144
    },
    {
      "name": "search.usa.gov (state)",
      "url": "https://search.usa.gov/search?affiliate=dos&query=travel+advisory+update",
      "status": 200,
      "ms": 52
    },
    {
      "name": "search.usa.gov (justice)",
      "url": "https://search.usa.gov/search?affiliate=doj&query=federal+prosecution+guidelines",
      "status": 200,
      "ms": 42
    },
    {
      "name": "search.usa.gov (labor)",
      "url": "https://search.usa.gov/search?affiliate=dol&query=unemployment+claims+data",
      "status": 200,
      "ms": 42
    },
    {
      "name": "search.usa.gov (commerce)",
      "url": "https://search.usa.gov/search?affiliate=commerce.gov&query=trade+deficit+report",
      "status": 200,
      "ms": 47
    },
    {
      "name": "search.usa.gov (treasury)",
      "url": "https://search.usa.gov/search?affiliate=treasury&query=debt+ceiling+update",
      "status": 200,
      "ms": 359
    },
    {
      "name": "search.usa.gov (interior)",
      "url": "https://search.usa.gov/search?affiliate=doi.gov&query=national+park+closure",
      "status": 200,
      "ms": 310
    },
    {
      "name": "search.usa.gov (agriculture)",
      "url": "https://search.usa.gov/search?affiliate=usda&query=crop+forecast+2026",
      "status": 200,
      "ms": 360
    },
    {
      "name": "cia.gov readingroom",
      "url": "https://www.cia.gov/readingroom/",
      "status": 302,
      "ms": 227
    },
    {
      "name": "cia.gov",
      "url": "https://www.cia.gov/",
      "status": 200,
      "ms": 41
    },
    {
      "name": "nsa.gov",
      "url": "https://www.nsa.gov/",
      "status": 403,
      "ms": 35
    },
    {
      "name": "fbi.gov",
      "url": "https://www.fbi.gov/",
      "status": 200,
      "ms": 133
    },
    {
      "name": "dni.gov",
      "url": "https://www.dni.gov/",
      "status": 403,
      "ms": 34
    },
    {
      "name": "dia.mil",
      "url": "https://www.dia.mil/",
      "status": 403,
      "ms": 208
    },
    {
      "name": "dc3.mil",
      "url": "https://www.dc3.mil/",
      "status": 403,
      "ms": 151
    },
    {
      "name": "intelligence.gov",
      "url": "https://www.intelligence.gov/",
      "status": 403,
      "ms": 67
    }
  ]
}
