========================================================================
  ENDPOINT HEALTH CHECK
  Timestamp:  2026-07-19T08:22:15Z
  Endpoints:  54
========================================================================

  Endpoint                                 Status       Time       Size
  ──────────────────────────────────────── ──────── ──────── ──────────
  ✓ weather.gov                             200          59ms   121,117B
  ✓ weather.gov API                         200         114ms     9,495B
  ✓ airnow.gov                              200          16ms   104,266B
  ✓ usgs.gov earthquake feed                200          33ms       971B
  ✓ epa.gov                                 200          17ms    64,566B
  ✓ data.gov                                200         118ms   121,511B
  ✓ census.gov                              200         441ms   351,410B
  ! bls.gov                                 403          88ms          —
    └─ Forbidden
  ✗ fred.stlouisfed.org                     FAIL      20102ms          —
    └─ The read operation timed out
  ✓ usaspending.gov                         200          58ms     2,917B
  ✓ usa.gov                                 200          11ms    47,199B
  ✓ gsa.gov                                 200          16ms   188,556B
  ✓ whitehouse.gov                          200          67ms   295,348B
  ! congress.gov                            403          13ms          —
    └─ Forbidden
  ✓ federalregister.gov                     200         383ms    10,596B
  ✓ govinfo.gov                             200         288ms    65,655B
  ! regulations.gov                         403          11ms          —
    └─ Forbidden
  ✓ grants.gov                              200          12ms    62,187B
  ✓ nih.gov                                 200         388ms    63,184B
  ! cdc.gov                                 403          74ms          —
    └─ Forbidden
  ! nasa.gov                                429          31ms          —
    └─ Too Many Requests
  ✓ nsf.gov                                 200          12ms    80,463B
  ✓ energy.gov                              200          18ms   130,633B
  ✓ usps.com tracking                       200          96ms    88,629B
  ✓ irs.gov                                 200          40ms   137,731B
  ! ssa.gov                                 403         100ms          —
    └─ Forbidden
  ✓ sba.gov                                 200          17ms   124,121B
  ! search.usa.gov (usa.gov)                202          67ms          —
  ! search.usa.gov (weather)                202          16ms          —
  ! search.usa.gov (education)              202          15ms          —
  ! search.usa.gov (health)                 202          77ms          —
  ! search.usa.gov (veterans)               202          25ms          —
  ! search.usa.gov (irs)                    202          11ms          —
  ! search.usa.gov (nasa)                   202          19ms          —
  ! search.usa.gov (cia)                    202          10ms          —
  ! search.usa.gov (nsa)                    202          14ms          —
  ! search.usa.gov (fbi)                    202          11ms          —
  ! search.usa.gov (dhs)                    202          10ms          —
  ! search.usa.gov (defense)                202          11ms          —
  ! search.usa.gov (state)                  202          10ms          —
  ! search.usa.gov (justice)                202          13ms          —
  ! search.usa.gov (labor)                  202          10ms          —
  ! search.usa.gov (commerce)               202          13ms          —
  ! search.usa.gov (treasury)               202          10ms          —
  ! search.usa.gov (interior)               202          10ms          —
  ! search.usa.gov (agriculture)            202          11ms          —
  ! cia.gov readingroom                     302         118ms          —
    └─ The HTTP server returned a redirect error that would lead to
  ✓ cia.gov                                 200          30ms   529,437B
  ! nsa.gov                                 403          77ms          —
    └─ Forbidden
  ✓ fbi.gov                                 200         135ms    94,042B
  ! dni.gov                                 403          69ms          —
    └─ Forbidden
  ! dia.mil                                 403         422ms          —
    └─ Forbidden
  ! dc3.mil                                 403         279ms          —
    └─ Forbidden
  ! intelligence.gov                        403          64ms          —
    └─ Forbidden

========================================================================
  SUMMARY
  Healthy:    22/54
  Failed:     32/54
  Avg time:   447ms
  Timestamp:  2026-07-19T08:22:15Z
========================================================================

─── FULL ENDPOINT LOG ───
  [OK] https://www.weather.gov/
  [OK] https://api.weather.gov/
  [OK] https://www.airnow.gov/
  [OK] https://earthquake.usgs.gov/fdsnws/event/1/query?format=geojson&limit=1
  [OK] https://www.epa.gov/
  [OK] https://www.data.gov/
  [OK] https://www.census.gov/
  [ERR:403] https://www.bls.gov/
  [ERR:FAIL] https://fred.stlouisfed.org/
  [OK] https://www.usaspending.gov/
  [OK] https://www.usa.gov/
  [OK] https://www.gsa.gov/
  [OK] https://www.whitehouse.gov/
  [ERR:403] https://www.congress.gov/
  [OK] https://www.federalregister.gov/
  [OK] https://www.govinfo.gov/
  [ERR:403] https://www.regulations.gov/
  [OK] https://www.grants.gov/
  [OK] https://www.nih.gov/
  [ERR:403] https://www.cdc.gov/
  [ERR:429] https://www.nasa.gov/
  [OK] https://www.nsf.gov/
  [OK] https://www.energy.gov/
  [OK] https://www.usps.com/
  [OK] https://www.irs.gov/
  [ERR:403] https://www.ssa.gov/
  [OK] https://www.sba.gov/
  [ERR:202] https://search.usa.gov/search?affiliate=usagov&query=benefits+eligibility
  [ERR:202] https://search.usa.gov/search?affiliate=noaa.gov&query=forecast+update
  [ERR:202] https://search.usa.gov/search?affiliate=ed.gov&query=student+loan+forgiveness
  [ERR:202] https://search.usa.gov/search?affiliate=hhs.gov&query=medicare+enrollment
  [ERR:202] https://search.usa.gov/search?affiliate=va&query=veteran+benefits+2026
  [ERR:202] https://search.usa.gov/search?affiliate=irs&query=tax+refund+status
  [ERR:202] https://search.usa.gov/search?affiliate=nasa&query=artemis+mission+update
  [ERR:202] https://search.usa.gov/search?affiliate=cia&query=sns_anon
  [ERR:202] https://search.usa.gov/search?affiliate=nsa&query=sns_anon
  [ERR:202] https://search.usa.gov/search?affiliate=fbi&query=sns_anon
  [ERR:202] https://search.usa.gov/search?affiliate=dhs&query=sns_anon
  [ERR:202] https://search.usa.gov/search?affiliate=defense.gov&query=sns_anon
  [ERR:202] https://search.usa.gov/search?affiliate=dos&query=travel+advisory+update
  [ERR:202] https://search.usa.gov/search?affiliate=doj&query=federal+prosecution+guidelines
  [ERR:202] https://search.usa.gov/search?affiliate=dol&query=unemployment+claims+data
  [ERR:202] https://search.usa.gov/search?affiliate=commerce.gov&query=trade+deficit+report
  [ERR:202] https://search.usa.gov/search?affiliate=treasury&query=debt+ceiling+update
  [ERR:202] https://search.usa.gov/search?affiliate=doi.gov&query=national+park+closure
  [ERR:202] https://search.usa.gov/search?affiliate=usda&query=crop+forecast+2026
  [ERR:302] https://www.cia.gov/readingroom/
  [OK] https://www.cia.gov/
  [ERR:403] https://www.nsa.gov/
  [OK] https://www.fbi.gov/
  [ERR:403] https://www.dni.gov/
  [ERR:403] https://www.dia.mil/
  [ERR:403] https://www.dc3.mil/
  [ERR:403] https://www.intelligence.gov/

─── JSON ───
{
  "timestamp": "2026-07-19T08:22:15Z",
  "total": 54,
  "healthy": 22,
  "failed": 32,
  "avg_response_ms": 447,
  "endpoints": [
    {
      "name": "weather.gov",
      "url": "https://www.weather.gov/",
      "status": 200,
      "ms": 59
    },
    {
      "name": "weather.gov API",
      "url": "https://api.weather.gov/",
      "status": 200,
      "ms": 114
    },
    {
      "name": "airnow.gov",
      "url": "https://www.airnow.gov/",
      "status": 200,
      "ms": 16
    },
    {
      "name": "usgs.gov earthquake feed",
      "url": "https://earthquake.usgs.gov/fdsnws/event/1/query?format=geojson&limit=1",
      "status": 200,
      "ms": 33
    },
    {
      "name": "epa.gov",
      "url": "https://www.epa.gov/",
      "status": 200,
      "ms": 17
    },
    {
      "name": "data.gov",
      "url": "https://www.data.gov/",
      "status": 200,
      "ms": 118
    },
    {
      "name": "census.gov",
      "url": "https://www.census.gov/",
      "status": 200,
      "ms": 441
    },
    {
      "name": "bls.gov",
      "url": "https://www.bls.gov/",
      "status": 403,
      "ms": 88
    },
    {
      "name": "fred.stlouisfed.org",
      "url": "https://fred.stlouisfed.org/",
      "status": "FAIL",
      "ms": 20102
    },
    {
      "name": "usaspending.gov",
      "url": "https://www.usaspending.gov/",
      "status": 200,
      "ms": 58
    },
    {
      "name": "usa.gov",
      "url": "https://www.usa.gov/",
      "status": 200,
      "ms": 11
    },
    {
      "name": "gsa.gov",
      "url": "https://www.gsa.gov/",
      "status": 200,
      "ms": 16
    },
    {
      "name": "whitehouse.gov",
      "url": "https://www.whitehouse.gov/",
      "status": 200,
      "ms": 67
    },
    {
      "name": "congress.gov",
      "url": "https://www.congress.gov/",
      "status": 403,
      "ms": 13
    },
    {
      "name": "federalregister.gov",
      "url": "https://www.federalregister.gov/",
      "status": 200,
      "ms": 383
    },
    {
      "name": "govinfo.gov",
      "url": "https://www.govinfo.gov/",
      "status": 200,
      "ms": 288
    },
    {
      "name": "regulations.gov",
      "url": "https://www.regulations.gov/",
      "status": 403,
      "ms": 11
    },
    {
      "name": "grants.gov",
      "url": "https://www.grants.gov/",
      "status": 200,
      "ms": 12
    },
    {
      "name": "nih.gov",
      "url": "https://www.nih.gov/",
      "status": 200,
      "ms": 388
    },
    {
      "name": "cdc.gov",
      "url": "https://www.cdc.gov/",
      "status": 403,
      "ms": 74
    },
    {
      "name": "nasa.gov",
      "url": "https://www.nasa.gov/",
      "status": 429,
      "ms": 31
    },
    {
      "name": "nsf.gov",
      "url": "https://www.nsf.gov/",
      "status": 200,
      "ms": 12
    },
    {
      "name": "energy.gov",
      "url": "https://www.energy.gov/",
      "status": 200,
      "ms": 18
    },
    {
      "name": "usps.com tracking",
      "url": "https://www.usps.com/",
      "status": 200,
      "ms": 96
    },
    {
      "name": "irs.gov",
      "url": "https://www.irs.gov/",
      "status": 200,
      "ms": 40
    },
    {
      "name": "ssa.gov",
      "url": "https://www.ssa.gov/",
      "status": 403,
      "ms": 100
    },
    {
      "name": "sba.gov",
      "url": "https://www.sba.gov/",
      "status": 200,
      "ms": 17
    },
    {
      "name": "search.usa.gov (usa.gov)",
      "url": "https://search.usa.gov/search?affiliate=usagov&query=benefits+eligibility",
      "status": 202,
      "ms": 67
    },
    {
      "name": "search.usa.gov (weather)",
      "url": "https://search.usa.gov/search?affiliate=noaa.gov&query=forecast+update",
      "status": 202,
      "ms": 16
    },
    {
      "name": "search.usa.gov (education)",
      "url": "https://search.usa.gov/search?affiliate=ed.gov&query=student+loan+forgiveness",
      "status": 202,
      "ms": 15
    },
    {
      "name": "search.usa.gov (health)",
      "url": "https://search.usa.gov/search?affiliate=hhs.gov&query=medicare+enrollment",
      "status": 202,
      "ms": 77
    },
    {
      "name": "search.usa.gov (veterans)",
      "url": "https://search.usa.gov/search?affiliate=va&query=veteran+benefits+2026",
      "status": 202,
      "ms": 25
    },
    {
      "name": "search.usa.gov (irs)",
      "url": "https://search.usa.gov/search?affiliate=irs&query=tax+refund+status",
      "status": 202,
      "ms": 11
    },
    {
      "name": "search.usa.gov (nasa)",
      "url": "https://search.usa.gov/search?affiliate=nasa&query=artemis+mission+update",
      "status": 202,
      "ms": 19
    },
    {
      "name": "search.usa.gov (cia)",
      "url": "https://search.usa.gov/search?affiliate=cia&query=sns_anon",
      "status": 202,
      "ms": 10
    },
    {
      "name": "search.usa.gov (nsa)",
      "url": "https://search.usa.gov/search?affiliate=nsa&query=sns_anon",
      "status": 202,
      "ms": 14
    },
    {
      "name": "search.usa.gov (fbi)",
      "url": "https://search.usa.gov/search?affiliate=fbi&query=sns_anon",
      "status": 202,
      "ms": 11
    },
    {
      "name": "search.usa.gov (dhs)",
      "url": "https://search.usa.gov/search?affiliate=dhs&query=sns_anon",
      "status": 202,
      "ms": 10
    },
    {
      "name": "search.usa.gov (defense)",
      "url": "https://search.usa.gov/search?affiliate=defense.gov&query=sns_anon",
      "status": 202,
      "ms": 11
    },
    {
      "name": "search.usa.gov (state)",
      "url": "https://search.usa.gov/search?affiliate=dos&query=travel+advisory+update",
      "status": 202,
      "ms": 10
    },
    {
      "name": "search.usa.gov (justice)",
      "url": "https://search.usa.gov/search?affiliate=doj&query=federal+prosecution+guidelines",
      "status": 202,
      "ms": 13
    },
    {
      "name": "search.usa.gov (labor)",
      "url": "https://search.usa.gov/search?affiliate=dol&query=unemployment+claims+data",
      "status": 202,
      "ms": 10
    },
    {
      "name": "search.usa.gov (commerce)",
      "url": "https://search.usa.gov/search?affiliate=commerce.gov&query=trade+deficit+report",
      "status": 202,
      "ms": 13
    },
    {
      "name": "search.usa.gov (treasury)",
      "url": "https://search.usa.gov/search?affiliate=treasury&query=debt+ceiling+update",
      "status": 202,
      "ms": 10
    },
    {
      "name": "search.usa.gov (interior)",
      "url": "https://search.usa.gov/search?affiliate=doi.gov&query=national+park+closure",
      "status": 202,
      "ms": 10
    },
    {
      "name": "search.usa.gov (agriculture)",
      "url": "https://search.usa.gov/search?affiliate=usda&query=crop+forecast+2026",
      "status": 202,
      "ms": 11
    },
    {
      "name": "cia.gov readingroom",
      "url": "https://www.cia.gov/readingroom/",
      "status": 302,
      "ms": 118
    },
    {
      "name": "cia.gov",
      "url": "https://www.cia.gov/",
      "status": 200,
      "ms": 30
    },
    {
      "name": "nsa.gov",
      "url": "https://www.nsa.gov/",
      "status": 403,
      "ms": 77
    },
    {
      "name": "fbi.gov",
      "url": "https://www.fbi.gov/",
      "status": 200,
      "ms": 135
    },
    {
      "name": "dni.gov",
      "url": "https://www.dni.gov/",
      "status": 403,
      "ms": 69
    },
    {
      "name": "dia.mil",
      "url": "https://www.dia.mil/",
      "status": 403,
      "ms": 422
    },
    {
      "name": "dc3.mil",
      "url": "https://www.dc3.mil/",
      "status": 403,
      "ms": 279
    },
    {
      "name": "intelligence.gov",
      "url": "https://www.intelligence.gov/",
      "status": 403,
      "ms": 64
    }
  ]
}
